2004.03.28 15:10 B N:\Mughal NTT\MI Art Chest\artchest\artchest.swd --> www.bmeducation.co.uk /www.mughalindia.co.uk/_test/artchest artchest.swd
2004.03.28 15:11 B N:\Mughal NTT\MI Art Chest\artchest\artchest.swf --> www.bmeducation.co.uk /www.mughalindia.co.uk/_test/artchest artchest.swf
2004.03.28 15:11 B N:\Mughal NTT\MI Art Chest\artchest\malachite.swf --> www.bmeducation.co.uk /www.mughalindia.co.uk/_test/artchest malachite.swf
2004.03.28 15:11 B N:\Mughal NTT\MI Art Chest\artchest\malachite_01.html --> www.bmeducation.co.uk /www.mughalindia.co.uk/_test/artchest malachite_01.html
2004.03.28 15:11 B N:\Mughal NTT\MI Art Chest\artchest\malachite_02.html --> www.bmeducation.co.uk /www.mughalindia.co.uk/_test/artchest malachite_02.html
2004.03.28 15:11 B N:\Mughal NTT\MI Art Chest\artchest\malachite_03.html --> www.bmeducation.co.uk /www.mughalindia.co.uk/_test/artchest malachite_03.html
2004.03.28 15:11 B N:\Mughal NTT\MI Art Chest\artchest\malachite_04.html --> www.bmeducation.co.uk /www.mughalindia.co.uk/_test/artchest malachite_04.html
2004.03.28 15:11 B N:\Mughal NTT\MI Art Chest\artchest\malachite_05.html --> www.bmeducation.co.uk /www.mughalindia.co.uk/_test/artchest malachite_05.html
2004.03.28 15:11 B N:\Mughal NTT\MI Art Chest\artchest\paint_01.html --> www.bmeducation.co.uk /www.mughalindia.co.uk/_test/artchest paint_01.html
2004.03.28 15:11 B N:\Mughal NTT\MI Art Chest\artchest\paint_02.html --> www.bmeducation.co.uk /www.mughalindia.co.uk/_test/artchest paint_02.html
2004.03.28 15:11 B N:\Mughal NTT\MI Art Chest\artchest\paint_03.html --> www.bmeducation.co.uk /www.mughalindia.co.uk/_test/artchest paint_03.html
2004.03.28 15:11 B N:\Mughal NTT\MI Art Chest\artchest\paint_04.html --> www.bmeducation.co.uk /www.mughalindia.co.uk/_test/artchest paint_04.html
2004.03.28 15:11 B N:\Mughal NTT\MI Art Chest\artchest\paint_05.html --> www.bmeducation.co.uk /www.mughalindia.co.uk/_test/artchest paint_05.html
2004.03.28 15:11 B N:\Mughal NTT\MI Art Chest\artchest\paint_06.html --> www.bmeducation.co.uk /www.mughalindia.co.uk/_test/artchest paint_06.html
2004.03.28 15:11 B N:\Mughal NTT\MI Art Chest\artchest\paint_07.html --> www.bmeducation.co.uk /www.mughalindia.co.uk/_test/artchest paint_07.html
2004.03.28 15:11 B N:\Mughal NTT\MI Art Chest\artchest\paint_08.html --> www.bmeducation.co.uk /www.mughalindia.co.uk/_test/artchest paint_08.html
2004.03.28 15:11 B N:\Mughal NTT\MI Art Chest\artchest\paint_09.html --> www.bmeducation.co.uk /www.mughalindia.co.uk/_test/artchest paint_09.html
2004.03.28 15:11 B N:\Mughal NTT\MI Art Chest\artchest\paint_10.html --> www.bmeducation.co.uk /www.mughalindia.co.uk/_test/artchest paint_10.html
2004.03.28 15:11 B N:\Mughal NTT\MI Art Chest\artchest\paint_11.html --> www.bmeducation.co.uk /www.mughalindia.co.uk/_test/artchest paint_11.html
2004.03.28 15:12 B N:\Mughal NTT\MI Art Chest\artchest\painting.swf --> www.bmeducation.co.uk /www.mughalindia.co.uk/_test/artchest painting.swf
2004.03.28 15:13 B N:\Mughal NTT\MI Art Chest\artchest\pigment.swf --> www.bmeducation.co.uk /www.mughalindia.co.uk/_test/artchest pigment.swf
2004.03.28 15:13 B N:\Mughal NTT\MI Art Chest\artchest\style.css --> www.bmeducation.co.uk /www.mughalindia.co.uk/_test/artchest style.css
